[05/Jul/2026 01:44:05] "POST /api/seller/auth/login/ HTTP/1.1" 200 134
[05/Jul/2026 01:44:05,136] - Broken pipe from ('127.0.0.1', 54631)
[05/Jul/2026 01:49:06] "OPTIONS /api/seller/auth/login/ HTTP/1.1" 200 0
[05/Jul/2026 01:49:06] "POST /api/seller/auth/login/ HTTP/1.1" 200 134
[05/Jul/2026 01:50:00] "GET /api/seller/queue/ HTTP/1.1" 200 2965
[05/Jul/2026 01:50:00] "GET /api/seller/queue/ HTTP/1.1" 200 2965
[05/Jul/2026 01:50:07] "GET /api/seller/queue/ HTTP/1.1" 200 2965
[05/Jul/2026 01:50:07] "GET /api/seller/queue/ HTTP/1.1" 200 2965
C:\Users\dell\Desktop\amazon-hackon\backend\.venv\Lib\site-packages\clip\clip.py:6: UserWarning: pkg_resources is deprecated as an API. See https://setuptools.pypa.io/en/latest/pkg_resources.html. The pkg_resources package is slated for removal as early as 2025-11-30. Refrain from using this package or pin to Setuptools<81.
  from pkg_resources import packaging
[05/Jul/2026 01:55:31] "POST /api/seller/grade/ HTTP/1.1" 200 146638
[05/Jul/2026 01:58:50] "GET /api/seller/queue/ HTTP/1.1" 200 2965
[05/Jul/2026 01:58:50] "GET /api/seller/queue/ HTTP/1.1" 200 2965
[05/Jul/2026 01:58:56] "GET /api/seller/queue/ HTTP/1.1" 200 2965
[05/Jul/2026 01:58:56] "GET /api/seller/queue/ HTTP/1.1" 200 2965
Unauthorized: /api/seller/auth/me/
[05/Jul/2026 02:01:00] "GET /api/seller/auth/me/ HTTP/1.1" 401 58
Unauthorized: /api/seller/auth/me/
[05/Jul/2026 02:01:00] "GET /api/seller/auth/me/ HTTP/1.1" 401 58
[05/Jul/2026 02:03:54] "POST /api/seller/auth/login/ HTTP/1.1" 200 134
[05/Jul/2026 02:03:57] "GET /api/seller/queue/ HTTP/1.1" 200 2965
[05/Jul/2026 02:03:57] "GET /api/seller/queue/ HTTP/1.1" 200 2965
[05/Jul/2026 02:03:59] "GET /api/seller/queue/ HTTP/1.1" 200 2965
[05/Jul/2026 02:03:59] "GET /api/seller/queue/ HTTP/1.1" 200 2965
[05/Jul/2026 02:04:32] "POST /api/seller/grade/ HTTP/1.1" 200 146684
[05/Jul/2026 02:05:56] "GET /api/seller/queue/ HTTP/1.1" 200 2965
[05/Jul/2026 02:05:56] "GET /api/seller/queue/ HTTP/1.1" 200 2965
[05/Jul/2026 02:06:06] "GET /api/seller/queue/ HTTP/1.1" 200 2965
[05/Jul/2026 02:06:06] "GET /api/seller/queue/ HTTP/1.1" 200 2965
[05/Jul/2026 02:07:07] "GET /api/seller/queue/ HTTP/1.1" 200 2965
[05/Jul/2026 02:07:07] "GET /api/seller/queue/ HTTP/1.1" 200 2965
[05/Jul/2026 02:07:10] "GET /api/seller/queue/ HTTP/1.1" 200 2965
[05/Jul/2026 02:07:10] "GET /api/seller/queue/ HTTP/1.1" 200 2965
[05/Jul/2026 02:15:45] "GET /api/seller/queue/ HTTP/1.1" 200 2965
[05/Jul/2026 02:29:33] "GET /api/seller/queue/ HTTP/1.1" 200 2965
[05/Jul/2026 02:29:33] "GET /api/seller/queue/ HTTP/1.1" 200 2965
[05/Jul/2026 02:30:14] "GET /api/seller/queue/ HTTP/1.1" 200 2965
[05/Jul/2026 02:30:14] "GET /api/seller/queue/ HTTP/1.1" 200 2965
[05/Jul/2026 02:31:39] "GET /api/seller/queue/ HTTP/1.1" 200 2965
[05/Jul/2026 02:31:39] "GET /api/seller/queue/ HTTP/1.1" 200 2965
[05/Jul/2026 02:31:54] "GET /api/seller/queue/ HTTP/1.1" 200 2965
[05/Jul/2026 02:31:54] "GET /api/seller/queue/ HTTP/1.1" 200 2965
[05/Jul/2026 02:32:02] "GET /api/seller/queue/ HTTP/1.1" 200 2965
[05/Jul/2026 02:32:02] "GET /api/seller/queue/ HTTP/1.1" 200 2965
[05/Jul/2026 02:32:32] "GET /api/seller/queue/ HTTP/1.1" 200 2965
[05/Jul/2026 02:32:32] "GET /api/seller/queue/ HTTP/1.1" 200 2965
[05/Jul/2026 02:32:44] "GET /api/seller/queue/ HTTP/1.1" 200 2965
[05/Jul/2026 02:32:44] "GET /api/seller/queue/ HTTP/1.1" 200 2965
[05/Jul/2026 02:32:46] "GET /api/seller/queue/ HTTP/1.1" 200 2965
[05/Jul/2026 02:32:46] "GET /api/seller/queue/ HTTP/1.1" 200 2965
[05/Jul/2026 02:33:39] "POST /api/seller/grade/ HTTP/1.1" 200 146851
[05/Jul/2026 02:33:51] "GET /api/seller/queue/ HTTP/1.1" 200 2965
[05/Jul/2026 02:33:51] "GET /api/seller/queue/ HTTP/1.1" 200 2965
[05/Jul/2026 02:34:31] "GET /api/seller/queue/ HTTP/1.1" 200 2965
[05/Jul/2026 02:34:31] "GET /api/seller/queue/ HTTP/1.1" 200 2965
[05/Jul/2026 02:34:35] "GET /api/seller/queue/ HTTP/1.1" 200 2965
[05/Jul/2026 02:34:35] "GET /api/seller/queue/ HTTP/1.1" 200 2965
[05/Jul/2026 02:34:47] "GET /api/seller/queue/ HTTP/1.1" 200 2965
[05/Jul/2026 02:34:47] "GET /api/seller/queue/ HTTP/1.1" 200 2965
[05/Jul/2026 02:35:19] "POST /api/seller/grade/ HTTP/1.1" 200 146635
[05/Jul/2026 02:35:50] "OPTIONS /api/seller/relist/ HTTP/1.1" 200 0
[05/Jul/2026 02:35:50] "POST /api/seller/relist/ HTTP/1.1" 201 1618
